<?xml version="1.0" ?><testsuite name="ru.byprogminer.Lab3_Web.QueryTest" time="0.445" timestamp="2020-04-22T05:04:27" tests="10" failures="0" skipped="0" aborted="0"><properties>
[...]
</properties><testcase classname="ru.byprogminer.Lab3_Web.QueryTest" name="testWidthIsDoubleR(double)[7]" time="0.001"></testcase><testcase classname="ru.byprogminer.Lab3_Web.QueryTest" name="testWidthIsDoubleR(double)[8]" time="0.002"></testcase><testcase classname="ru.byprogminer.Lab3_Web.QueryTest" name="testWidthIsDoubleR(double)[5]" time="0.002"></testcase><testcase classname="ru.byprogminer.Lab3_Web.QueryTest" name="testWidthIsDoubleR(double)[6]" time="0.002"></testcase><testcase classname="ru.byprogminer.Lab3_Web.QueryTest" name="testWidthIsDoubleR(double)[3]" time="0.002"></testcase><testcase classname="ru.byprogminer.Lab3_Web.QueryTest" name="testWidthIsDoubleR(double)[4]" time="0.002"></testcase><testcase classname="ru.byprogminer.Lab3_Web.QueryTest" name="testWidthIsDoubleR(double)[1]" time="0.058"></testcase><testcase classname="ru.byprogminer.Lab3_Web.QueryTest" name="testWidthIsDoubleR(double)[2]" time="0.003"></testcase><testcase classname="ru.byprogminer.Lab3_Web.QueryTest" name="testWhenCenterPoint_thenResultTrue()" time="0.002"></testcase><testcase classname="ru.byprogminer.Lab3_Web.QueryTest" name="testWhenRZero_thenResultFalse()" time="0.047"></testcase></testsuite>