<?xml version="1.0" ?><testsuite name="ru.byprogminer.Lab3_Web.QueryTest" time="0.509" timestamp="2020-04-22T13:57:44" tests="232" failures="0" skipped="0" aborted="0"><properties>
[...]
</properties><testcase classname="ru.byprogminer.Lab3_Web.QueryTest" name="testGrid(int, int)[159]" time="0.0"></testcase><testcase classname="ru.byprogminer.Lab3_Web.QueryTest" name="testGrid(int, int)[29]" time="0.001"></testcase><testcase classname="ru.byprogminer.Lab3_Web.QueryTest" name="testGrid(int, int)[191]" time="0.0"></testcase><testcase classname="ru.byprogminer.Lab3_Web.QueryTest" name="testGrid(int, int)[17]" time="0.0"></testcase><testcase classname="ru.byprogminer.Lab3_Web.QueryTest" name="testGrid(int, int)[61]" time="0.001"></testcase><testcase classname="ru.byprogminer.Lab3_Web.QueryTest" name="testGrid(int, int)[111]" time="0.0"></testcase><testcase classname="ru.byprogminer.Lab3_Web.QueryTest" name="testGrid(int, int)[220]" time="0.001"></testcase><testcase classname="ru.byprogminer.Lab3_Web.QueryTest" name="testGrid(int, int)[73]" time="0.001"></testcase><testcase classname="ru.byprogminer.Lab3_Web.QueryTest" name="testGrid(int, int)[123]" time="0.0"></testcase><testcase classname="ru.byprogminer.Lab3_Web.QueryTest" name="testGrid(int, int)[85]" time="0.001"></testcase><testcase classname="ru.byprogminer.Lab3_Web.QueryTest" name="testGrid(int, int)[135]" time="0.0"></testcase><testcase classname="ru.byprogminer.Lab3_Web.QueryTest" name="testGrid(int, int)[97]" time="0.001"></testcase><testcase classname="ru.byprogminer.Lab3_Web.QueryTest" name="testGrid(int, int)[147]" time="0.001"></testcase><testcase classname="ru.byprogminer.Lab3_Web.QueryTest" name="testGrid(int, int)[148]" time="0.001"></testcase><testcase classname="ru.byprogminer.Lab3_Web.QueryTest" name="testGrid(int, int)[180]" time="0.0"></testcase><testcase classname="ru.byprogminer.Lab3_Web.QueryTest" name="testGrid(int, int)[192]" time="0.0"></testcase><testcase classname="ru.byprogminer.Lab3_Web.QueryTest" name="testGrid(int, int)[16]" time="0.002"></testcase><testcase classname="ru.byprogminer.Lab3_Web.QueryTest" name="testGrid(int, int)[28]" time="0.001"></testcase><testcase classname="ru.byprogminer.Lab3_Web.QueryTest" name="testGrid(int, int)[100]" time="0.0"></testcase><testcase classname="ru.byprogminer.Lab3_Web.QueryTest" name="testGrid(int, int)[72]" time="0.0"></testcase><testcase classname="ru.byprogminer.Lab3_Web.QueryTest" name="testGrid(int, int)[84]" time="0.0"></testcase><testcase classname="ru.byprogminer.Lab3_Web.QueryTest" name="testGrid(int, int)[112]" time="0.001"></testcase><testcase classname="ru.byprogminer.Lab3_Web.QueryTest" name="testGrid(int, int)[96]" time="0.0"></testcase><testcase classname="ru.byprogminer.Lab3_Web.QueryTest" name="testGrid(int, int)[124]" time="0.001"></testcase><testcase classname="ru.byprogminer.Lab3_Web.QueryTest" name="testGrid(int, int)[136]" time="0.0"></testcase><testcase classname="ru.byprogminer.Lab3_Web.QueryTest" name="testGrid(int, int)[60]" time="0.001"></testcase><testcase classname="ru.byprogminer.Lab3_Web.QueryTest" name="testGrid(int, int)[221]" time="0.001"></testcase><testcase classname="ru.byprogminer.Lab3_Web.QueryTest" name="testGrid(int, int)[19]" time="0.001"></testcase><testcase classname="ru.byprogminer.Lab3_Web.QueryTest" name="testGrid(int, int)[87]" time="0.001"></testcase><testcase classname="ru.byprogminer.Lab3_Web.QueryTest" name="testGrid(int, int)[99]" time="0.001"></testcase><testcase classname="ru.byprogminer.Lab3_Web.QueryTest" name="testGrid(int, int)[133]" time="0.0"></testcase><testcase classname="ru.byprogminer.Lab3_Web.QueryTest" name="testGrid(int, int)[51]" time="0.0"></testcase><testcase classname="ru.byprogminer.Lab3_Web.QueryTest" name="testGrid(int, int)[145]" time="0.001"></testcase><testcase classname="ru.byprogminer.Lab3_Web.QueryTest" name="testGrid(int, int)[230]" time="0.013"></testcase><testcase classname="ru.byprogminer.Lab3_Web.QueryTest" name="testGrid(int, int)[63]" time="0.001"></testcase><testcase classname="ru.byprogminer.Lab3_Web.QueryTest" name="testGrid(int, int)[157]" time="0.0"></testcase><testcase classname="ru.byprogminer.Lab3_Web.QueryTest" name="testGrid(int, int)[75]" time="0.0"></testcase><testcase classname="ru.byprogminer.Lab3_Web.QueryTest" name="testGrid(int, int)[169]" time="0.001"></testcase><testcase classname="ru.byprogminer.Lab3_Web.QueryTest" name="testGrid(int, int)[121]" time="0.001"></testcase><testcase classname="ru.byprogminer.Lab3_Web.QueryTest" name="testGrid(int, int)[18]" time="0.001"></testcase><testcase classname="ru.byprogminer.Lab3_Web.QueryTest" name="testGrid(int, int)[98]" time="0.001"></testcase><testcase classname="ru.byprogminer.Lab3_Web.QueryTest" name="testGrid(int, int)[190]" time="0.0"></testcase><testcase classname="ru.byprogminer.Lab3_Web.QueryTest" name="testGrid(int, int)[50]" time="0.001"></testcase><testcase classname="ru.byprogminer.Lab3_Web.QueryTest" name="testGrid(int, int)[122]" time="0.0"></testcase><testcase classname="ru.byprogminer.Lab3_Web.QueryTest" name="testGrid(int, int)[231]" time="0.0"></testcase><testcase classname="ru.byprogminer.Lab3_Web.QueryTest" name="testGrid(int, int)[62]" time="0.0"></testcase><testcase classname="ru.byprogminer.Lab3_Web.QueryTest" name="testGrid(int, int)[134]" time="0.0"></testcase><testcase classname="ru.byprogminer.Lab3_Web.QueryTest" name="testGrid(int, int)[74]" time="0.001"></testcase><testcase classname="ru.byprogminer.Lab3_Web.QueryTest" name="testGrid(int, int)[146]" time="0.001"></testcase><testcase classname="ru.byprogminer.Lab3_Web.QueryTest" name="testGrid(int, int)[86]" time="0.0"></testcase><testcase classname="ru.byprogminer.Lab3_Web.QueryTest" name="testGrid(int, int)[158]" time="0.0"></testcase><testcase classname="ru.byprogminer.Lab3_Web.QueryTest" name="testGrid(int, int)[110]" time="0.0"></testcase><testcase classname="ru.byprogminer.Lab3_Web.QueryTest" name="testGrid(int, int)[115]" time="0.0"></testcase><testcase classname="ru.byprogminer.Lab3_Web.QueryTest" name="testGrid(int, int)[127]" time="0.001"></testcase><testcase classname="ru.byprogminer.Lab3_Web.QueryTest" name="testGrid(int, int)[139]" time="0.001"></testcase><testcase classname="ru.byprogminer.Lab3_Web.QueryTest" name="testGrid(int, int)[171]" time="0.0"></testcase><testcase classname="ru.byprogminer.Lab3_Web.QueryTest" name="testGrid(int, int)[183]" time="0.0"></testcase><testcase classname="ru.byprogminer.Lab3_Web.QueryTest" name="testGrid(int, int)[65]" time="0.0"></testcase><testcase classname="ru.byprogminer.Lab3_Web.QueryTest" name="testGrid(int, int)[77]" time="0.0"></testcase><testcase classname="ru.byprogminer.Lab3_Web.QueryTest" name="testGrid(int, int)[89]" time="0.0"></testcase><testcase classname="ru.byprogminer.Lab3_Web.QueryTest" name="testGrid(int, int)[41]" time="0.001"></testcase><testcase classname="ru.byprogminer.Lab3_Web.QueryTest" name="testGrid(int, int)[53]" time="0.001"></testcase><testcase classname="ru.byprogminer.Lab3_Web.QueryTest" name="testGrid(int, int)[103]" time="0.0"></testcase><testcase classname="ru.byprogminer.Lab3_Web.QueryTest" name="testGrid(int, int)[195]" time="0.0"></testcase><testcase classname="ru.byprogminer.Lab3_Web.QueryTest" name="testGrid(int, int)[224]" time="0.0"></testcase><testcase classname="ru.byprogminer.Lab3_Web.QueryTest" name="testGrid(int, int)[212]" time="0.001"></testcase><testcase classname="ru.byprogminer.Lab3_Web.QueryTest" name="testGrid(int, int)[200]" time="0.001"></testcase><testcase classname="ru.byprogminer.Lab3_Web.QueryTest" name="testGrid(int, int)[1]" time="0.029"></testcase><testcase classname="ru.byprogminer.Lab3_Web.QueryTest" name="testGrid(int, int)[225]" time="0.0"></testcase><testcase classname="ru.byprogminer.Lab3_Web.QueryTest" name="testGrid(int, int)[104]" time="0.0"></testcase><testcase classname="ru.byprogminer.Lab3_Web.QueryTest" name="testGrid(int, int)[116]" time="0.0"></testcase><testcase classname="ru.byprogminer.Lab3_Web.QueryTest" name="testGrid(int, int)[128]" time="0.001"></testcase><testcase classname="ru.byprogminer.Lab3_Web.QueryTest" name="testGrid(int, int)[160]" time="0.001"></testcase><testcase classname="ru.byprogminer.Lab3_Web.QueryTest" name="testGrid(int, int)[172]" time="0.0"></testcase><testcase classname="ru.byprogminer.Lab3_Web.QueryTest" name="testGrid(int, int)[76]" time="0.001"></testcase><testcase classname="ru.byprogminer.Lab3_Web.QueryTest" name="testGrid(int, int)[88]" time="0.001"></testcase><testcase classname="ru.byprogminer.Lab3_Web.QueryTest" name="testGrid(int, int)[40]" time="0.0"></testcase><testcase classname="ru.byprogminer.Lab3_Web.QueryTest" name="testGrid(int, int)[52]" time="0.001"></testcase><testcase classname="ru.byprogminer.Lab3_Web.QueryTest" name="testGrid(int, int)[64]" time="0.001"></testcase><testcase classname="ru.byprogminer.Lab3_Web.QueryTest" name="testGrid(int, int)[184]" time="0.0"></testcase><testcase classname="ru.byprogminer.Lab3_Web.QueryTest" name="testGrid(int, int)[213]" time="0.001"></testcase><testcase classname="ru.byprogminer.Lab3_Web.QueryTest" name="testGrid(int, int)[196]" time="0.0"></testcase><testcase classname="ru.byprogminer.Lab3_Web.QueryTest" name="testGrid(int, int)[201]" time="0.001"></testcase><testcase classname="ru.byprogminer.Lab3_Web.QueryTest" name="testGrid(int, int)[137]" time="0.001"></testcase><testcase classname="ru.byprogminer.Lab3_Web.QueryTest" name="testGrid(int, int)[149]" time="0.0"></testcase><testcase classname="ru.byprogminer.Lab3_Web.QueryTest" name="testGrid(int, int)[181]" time="0.0"></testcase><testcase classname="ru.byprogminer.Lab3_Web.QueryTest" name="testGrid(int, int)[193]" time="0.0"></testcase><testcase classname="ru.byprogminer.Lab3_Web.QueryTest" name="testGrid(int, int)[43]" time="0.001"></testcase><testcase classname="ru.byprogminer.Lab3_Web.QueryTest" name="testGrid(int, int)[55]" time="0.0"></testcase><testcase classname="ru.byprogminer.Lab3_Web.QueryTest" name="testGrid(int, int)[67]" time="0.001"></testcase><testcase classname="ru.byprogminer.Lab3_Web.QueryTest" name="testGrid(int, int)[79]" time="0.0"></testcase><testcase classname="ru.byprogminer.Lab3_Web.QueryTest" name="testGrid(int, int)[101]" time="0.0"></testcase><testcase classname="ru.byprogminer.Lab3_Web.QueryTest" name="testGrid(int, int)[113]" time="0.001"></testcase><testcase classname="ru.byprogminer.Lab3_Web.QueryTest" name="testGrid(int, int)[31]" time="0.001"></testcase><testcase classname="ru.byprogminer.Lab3_Web.QueryTest" name="testGrid(int, int)[125]" time="0.001"></testcase><testcase classname="ru.byprogminer.Lab3_Web.QueryTest" name="testGrid(int, int)[222]" time="0.0"></testcase><testcase classname="ru.byprogminer.Lab3_Web.QueryTest" name="testGrid(int, int)[210]" time="0.0"></testcase><testcase classname="ru.byprogminer.Lab3_Web.QueryTest" name="testGrid(int, int)[126]" time="0.0"></testcase><testcase classname="ru.byprogminer.Lab3_Web.QueryTest" name="testGrid(int, int)[138]" time="0.001"></testcase><testcase classname="ru.byprogminer.Lab3_Web.QueryTest" name="testGrid(int, int)[170]" time="0.001"></testcase><testcase classname="ru.byprogminer.Lab3_Web.QueryTest" name="testGrid(int, int)[182]" time="0.0"></testcase><testcase classname="ru.byprogminer.Lab3_Web.QueryTest" name="testGrid(int, int)[194]" time="0.0"></testcase><testcase classname="ru.byprogminer.Lab3_Web.QueryTest" name="testGrid(int, int)[54]" time="0.001"></testcase><testcase classname="ru.byprogminer.Lab3_Web.QueryTest" name="testGrid(int, int)[66]" time="0.001"></testcase><testcase classname="ru.byprogminer.Lab3_Web.QueryTest" name="testGrid(int, int)[78]" time="0.001"></testcase><testcase classname="ru.byprogminer.Lab3_Web.QueryTest" name="testGrid(int, int)[30]" time="0.001"></testcase><testcase classname="ru.byprogminer.Lab3_Web.QueryTest" name="testGrid(int, int)[102]" time="0.001"></testcase><testcase classname="ru.byprogminer.Lab3_Web.QueryTest" name="testGrid(int, int)[42]" time="0.001"></testcase><testcase classname="ru.byprogminer.Lab3_Web.QueryTest" name="testGrid(int, int)[114]" time="0.0"></testcase><testcase classname="ru.byprogminer.Lab3_Web.QueryTest" name="testWhenRZero_thenResultFalse()" time="0.044"></testcase><testcase classname="ru.byprogminer.Lab3_Web.QueryTest" name="testGrid(int, int)[223]" time="0.0"></testcase><testcase classname="ru.byprogminer.Lab3_Web.QueryTest" name="testGrid(int, int)[211]" time="0.001"></testcase><testcase classname="ru.byprogminer.Lab3_Web.QueryTest" name="testGrid(int, int)[119]" time="0.001"></testcase><testcase classname="ru.byprogminer.Lab3_Web.QueryTest" name="testGrid(int, int)[228]" time="0.0"></testcase><testcase classname="ru.byprogminer.Lab3_Web.QueryTest" name="testGrid(int, int)[216]" time="0.0"></testcase><testcase classname="ru.byprogminer.Lab3_Web.QueryTest" name="testGrid(int, int)[204]" time="0.001"></testcase><testcase classname="ru.byprogminer.Lab3_Web.QueryTest" name="testGrid(int, int)[5]" time="0.001"></testcase><testcase classname="ru.byprogminer.Lab3_Web.QueryTest" name="testGrid(int, int)[107]" time="0.001"></testcase><testcase classname="ru.byprogminer.Lab3_Web.QueryTest" name="testGrid(int, int)[69]" time="0.001"></testcase><testcase classname="ru.byprogminer.Lab3_Web.QueryTest" name="testGrid(int, int)[21]" time="0.001"></testcase><testcase classname="ru.byprogminer.Lab3_Web.QueryTest" name="testGrid(int, int)[33]" time="0.0"></testcase><testcase classname="ru.byprogminer.Lab3_Web.QueryTest" name="testGrid(int, int)[45]" time="0.001"></testcase><testcase classname="ru.byprogminer.Lab3_Web.QueryTest" name="testGrid(int, int)[57]" time="0.0"></testcase><testcase classname="ru.byprogminer.Lab3_Web.QueryTest" name="testGrid(int, int)[199]" time="0.001"></testcase><testcase classname="ru.byprogminer.Lab3_Web.QueryTest" name="testGrid(int, int)[151]" time="0.001"></testcase><testcase classname="ru.byprogminer.Lab3_Web.QueryTest" name="testGrid(int, int)[163]" time="0.001"></testcase><testcase classname="ru.byprogminer.Lab3_Web.QueryTest" name="testGrid(int, int)[175]" time="0.001"></testcase><testcase classname="ru.byprogminer.Lab3_Web.QueryTest" name="testGrid(int, int)[187]" time="0.001"></testcase><testcase classname="ru.byprogminer.Lab3_Web.QueryTest" name="testGrid(int, int)[108]" time="0.0"></testcase><testcase classname="ru.byprogminer.Lab3_Web.QueryTest" name="testGrid(int, int)[217]" time="0.0"></testcase><testcase classname="ru.byprogminer.Lab3_Web.QueryTest" name="testGrid(int, int)[205]" time="0.0"></testcase><testcase classname="ru.byprogminer.Lab3_Web.QueryTest" name="testGrid(int, int)[229]" time="0.0"></testcase><testcase classname="ru.byprogminer.Lab3_Web.QueryTest" name="testGrid(int, int)[32]" time="0.001"></testcase><testcase classname="ru.byprogminer.Lab3_Web.QueryTest" name="testGrid(int, int)[44]" time="0.001"></testcase><testcase classname="ru.byprogminer.Lab3_Web.QueryTest" name="testGrid(int, int)[56]" time="0.001"></testcase><testcase classname="ru.byprogminer.Lab3_Web.QueryTest" name="testGrid(int, int)[68]" time="0.001"></testcase><testcase classname="ru.byprogminer.Lab3_Web.QueryTest" name="testGrid(int, int)[188]" time="0.001"></testcase><testcase classname="ru.byprogminer.Lab3_Web.QueryTest" name="testGrid(int, int)[20]" time="0.001"></testcase><testcase classname="ru.byprogminer.Lab3_Web.QueryTest" name="testGrid(int, int)[4]" time="0.001"></testcase><testcase classname="ru.byprogminer.Lab3_Web.QueryTest" name="testGrid(int, int)[140]" time="0.001"></testcase><testcase classname="ru.byprogminer.Lab3_Web.QueryTest" name="testGrid(int, int)[152]" time="0.001"></testcase><testcase classname="ru.byprogminer.Lab3_Web.QueryTest" name="testGrid(int, int)[164]" time="0.001"></testcase><testcase classname="ru.byprogminer.Lab3_Web.QueryTest" name="testGrid(int, int)[176]" time="0.001"></testcase><testcase classname="ru.byprogminer.Lab3_Web.QueryTest" name="testGrid(int, int)[226]" time="0.0"></testcase><testcase classname="ru.byprogminer.Lab3_Web.QueryTest" name="testGrid(int, int)[214]" time="0.0"></testcase><testcase classname="ru.byprogminer.Lab3_Web.QueryTest" name="testGrid(int, int)[105]" time="0.001"></testcase><testcase classname="ru.byprogminer.Lab3_Web.QueryTest" name="testGrid(int, int)[117]" time="0.0"></testcase><testcase classname="ru.byprogminer.Lab3_Web.QueryTest" name="testGrid(int, int)[129]" time="0.0"></testcase><testcase classname="ru.byprogminer.Lab3_Web.QueryTest" name="testGrid(int, int)[47]" time="0.001"></testcase><testcase classname="ru.byprogminer.Lab3_Web.QueryTest" name="testGrid(int, int)[59]" time="0.0"></testcase><testcase classname="ru.byprogminer.Lab3_Web.QueryTest" name="testGrid(int, int)[161]" time="0.001"></testcase><testcase classname="ru.byprogminer.Lab3_Web.QueryTest" name="testGrid(int, int)[11]" time="0.001"></testcase><testcase classname="ru.byprogminer.Lab3_Web.QueryTest" name="testGrid(int, int)[23]" time="0.001"></testcase><testcase classname="ru.byprogminer.Lab3_Web.QueryTest" name="testGrid(int, int)[35]" time="0.001"></testcase><testcase classname="ru.byprogminer.Lab3_Web.QueryTest" name="testGrid(int, int)[173]" time="0.001"></testcase><testcase classname="ru.byprogminer.Lab3_Web.QueryTest" name="testGrid(int, int)[202]" time="0.001"></testcase><testcase classname="ru.byprogminer.Lab3_Web.QueryTest" name="testGrid(int, int)[3]" time="0.001"></testcase><testcase classname="ru.byprogminer.Lab3_Web.QueryTest" name="testGrid(int, int)[91]" time="0.001"></testcase><testcase classname="ru.byprogminer.Lab3_Web.QueryTest" name="testGrid(int, int)[185]" time="0.001"></testcase><testcase classname="ru.byprogminer.Lab3_Web.QueryTest" name="testGrid(int, int)[197]" time="0.0"></testcase><testcase classname="ru.byprogminer.Lab3_Web.QueryTest" name="testGrid(int, int)[227]" time="0.0"></testcase><testcase classname="ru.byprogminer.Lab3_Web.QueryTest" name="testGrid(int, int)[215]" time="0.0"></testcase><testcase classname="ru.byprogminer.Lab3_Web.QueryTest" name="testGrid(int, int)[203]" time="0.001"></testcase><testcase classname="ru.byprogminer.Lab3_Web.QueryTest" name="testGrid(int, int)[106]" time="0.001"></testcase><testcase classname="ru.byprogminer.Lab3_Web.QueryTest" name="testGrid(int, int)[118]" time="0.001"></testcase><testcase classname="ru.byprogminer.Lab3_Web.QueryTest" name="testGrid(int, int)[58]" time="0.001"></testcase><testcase classname="ru.byprogminer.Lab3_Web.QueryTest" name="testGrid(int, int)[150]" time="0.0"></testcase><testcase classname="ru.byprogminer.Lab3_Web.QueryTest" name="testGrid(int, int)[10]" time="0.001"></testcase><testcase classname="ru.byprogminer.Lab3_Web.QueryTest" name="testGrid(int, int)[22]" time="0.001"></testcase><testcase classname="ru.byprogminer.Lab3_Web.QueryTest" name="testGrid(int, int)[34]" time="0.001"></testcase><testcase classname="ru.byprogminer.Lab3_Web.QueryTest" name="testGrid(int, int)[46]" time="0.0"></testcase><testcase classname="ru.byprogminer.Lab3_Web.QueryTest" name="testGrid(int, int)[90]" time="0.001"></testcase><testcase classname="ru.byprogminer.Lab3_Web.QueryTest" name="testGrid(int, int)[162]" time="0.001"></testcase><testcase classname="ru.byprogminer.Lab3_Web.QueryTest" name="testGrid(int, int)[174]" time="0.001"></testcase><testcase classname="ru.byprogminer.Lab3_Web.QueryTest" name="testGrid(int, int)[2]" time="0.001"></testcase><testcase classname="ru.byprogminer.Lab3_Web.QueryTest" name="testGrid(int, int)[186]" time="0.001"></testcase><testcase classname="ru.byprogminer.Lab3_Web.QueryTest" name="testGrid(int, int)[198]" time="0.001"></testcase><testcase classname="ru.byprogminer.Lab3_Web.QueryTest" name="testGrid(int, int)[208]" time="0.0"></testcase><testcase classname="ru.byprogminer.Lab3_Web.QueryTest" name="testGrid(int, int)[9]" time="0.002"></testcase><testcase classname="ru.byprogminer.Lab3_Web.QueryTest" name="testGrid(int, int)[25]" time="0.001"></testcase><testcase classname="ru.byprogminer.Lab3_Web.QueryTest" name="testGrid(int, int)[37]" time="0.001"></testcase><testcase classname="ru.byprogminer.Lab3_Web.QueryTest" name="testGrid(int, int)[49]" time="0.001"></testcase><testcase classname="ru.byprogminer.Lab3_Web.QueryTest" name="testGrid(int, int)[13]" time="0.002"></testcase><testcase classname="ru.byprogminer.Lab3_Web.QueryTest" name="testGrid(int, int)[155]" time="0.0"></testcase><testcase classname="ru.byprogminer.Lab3_Web.QueryTest" name="testGrid(int, int)[167]" time="0.001"></testcase><testcase classname="ru.byprogminer.Lab3_Web.QueryTest" name="testGrid(int, int)[179]" time="0.0"></testcase><testcase classname="ru.byprogminer.Lab3_Web.QueryTest" name="testGrid(int, int)[81]" time="0.0"></testcase><testcase classname="ru.byprogminer.Lab3_Web.QueryTest" name="testGrid(int, int)[131]" time="0.0"></testcase><testcase classname="ru.byprogminer.Lab3_Web.QueryTest" name="testGrid(int, int)[93]" time="0.001"></testcase><testcase classname="ru.byprogminer.Lab3_Web.QueryTest" name="testGrid(int, int)[143]" time="0.001"></testcase><testcase classname="ru.byprogminer.Lab3_Web.QueryTest" name="testGrid(int, int)[8]" time="0.002"></testcase><testcase classname="ru.byprogminer.Lab3_Web.QueryTest" name="testGrid(int, int)[209]" time="0.0"></testcase><testcase classname="ru.byprogminer.Lab3_Web.QueryTest" name="testGrid(int, int)[36]" time="0.0"></testcase><testcase classname="ru.byprogminer.Lab3_Web.QueryTest" name="testGrid(int, int)[48]" time="0.0"></testcase><testcase classname="ru.byprogminer.Lab3_Web.QueryTest" name="testGrid(int, int)[12]" time="0.001"></testcase><testcase classname="ru.byprogminer.Lab3_Web.QueryTest" name="testGrid(int, int)[24]" time="0.001"></testcase><testcase classname="ru.byprogminer.Lab3_Web.QueryTest" name="testGrid(int, int)[144]" time="0.001"></testcase><testcase classname="ru.byprogminer.Lab3_Web.QueryTest" name="testGrid(int, int)[156]" time="0.0"></testcase><testcase classname="ru.byprogminer.Lab3_Web.QueryTest" name="testGrid(int, int)[168]" time="0.001"></testcase><testcase classname="ru.byprogminer.Lab3_Web.QueryTest" name="testGrid(int, int)[80]" time="0.001"></testcase><testcase classname="ru.byprogminer.Lab3_Web.QueryTest" name="testGrid(int, int)[92]" time="0.0"></testcase><testcase classname="ru.byprogminer.Lab3_Web.QueryTest" name="testGrid(int, int)[120]" time="0.001"></testcase><testcase classname="ru.byprogminer.Lab3_Web.QueryTest" name="testGrid(int, int)[132]" time="0.0"></testcase><testcase classname="ru.byprogminer.Lab3_Web.QueryTest" name="testGrid(int, int)[206]" time="0.0"></testcase><testcase classname="ru.byprogminer.Lab3_Web.QueryTest" name="testGrid(int, int)[7]" time="0.002"></testcase><testcase classname="ru.byprogminer.Lab3_Web.QueryTest" name="testGrid(int, int)[109]" time="0.001"></testcase><testcase classname="ru.byprogminer.Lab3_Web.QueryTest" name="testGrid(int, int)[218]" time="0.001"></testcase><testcase classname="ru.byprogminer.Lab3_Web.QueryTest" name="testGrid(int, int)[15]" time="0.001"></testcase><testcase classname="ru.byprogminer.Lab3_Web.QueryTest" name="testGrid(int, int)[27]" time="0.001"></testcase><testcase classname="ru.byprogminer.Lab3_Web.QueryTest" name="testGrid(int, int)[39]" time="0.001"></testcase><testcase classname="ru.byprogminer.Lab3_Web.QueryTest" name="testGrid(int, int)[83]" time="0.001"></testcase><testcase classname="ru.byprogminer.Lab3_Web.QueryTest" name="testGrid(int, int)[177]" time="0.001"></testcase><testcase classname="ru.byprogminer.Lab3_Web.QueryTest" name="testGrid(int, int)[95]" time="0.0"></testcase><testcase classname="ru.byprogminer.Lab3_Web.QueryTest" name="testGrid(int, int)[189]" time="0.0"></testcase><testcase classname="ru.byprogminer.Lab3_Web.QueryTest" name="testGrid(int, int)[141]" time="0.001"></testcase><testcase classname="ru.byprogminer.Lab3_Web.QueryTest" name="testGrid(int, int)[153]" time="0.001"></testcase><testcase classname="ru.byprogminer.Lab3_Web.QueryTest" name="testGrid(int, int)[71]" time="0.0"></testcase><testcase classname="ru.byprogminer.Lab3_Web.QueryTest" name="testGrid(int, int)[165]" time="0.001"></testcase><testcase classname="ru.byprogminer.Lab3_Web.QueryTest" name="testGrid(int, int)[6]" time="0.003"></testcase><testcase classname="ru.byprogminer.Lab3_Web.QueryTest" name="testGrid(int, int)[219]" time="0.001"></testcase><testcase classname="ru.byprogminer.Lab3_Web.QueryTest" name="testGrid(int, int)[207]" time="0.0"></testcase><testcase classname="ru.byprogminer.Lab3_Web.QueryTest" name="testGrid(int, int)[14]" time="0.002"></testcase><testcase classname="ru.byprogminer.Lab3_Web.QueryTest" name="testGrid(int, int)[26]" time="0.0"></testcase><testcase classname="ru.byprogminer.Lab3_Web.QueryTest" name="testGrid(int, int)[38]" time="0.0"></testcase><testcase classname="ru.byprogminer.Lab3_Web.QueryTest" name="testGrid(int, int)[94]" time="0.001"></testcase><testcase classname="ru.byprogminer.Lab3_Web.QueryTest" name="testGrid(int, int)[166]" time="0.001"></testcase><testcase classname="ru.byprogminer.Lab3_Web.QueryTest" name="testGrid(int, int)[178]" time="0.001"></testcase><testcase classname="ru.byprogminer.Lab3_Web.QueryTest" name="testGrid(int, int)[130]" time="0.0"></testcase><testcase classname="ru.byprogminer.Lab3_Web.QueryTest" name="testGrid(int, int)[70]" time="0.0"></testcase><testcase classname="ru.byprogminer.Lab3_Web.QueryTest" name="testGrid(int, int)[142]" time="0.001"></testcase><testcase classname="ru.byprogminer.Lab3_Web.QueryTest" name="testGrid(int, int)[82]" time="0.001"></testcase><testcase classname="ru.byprogminer.Lab3_Web.QueryTest" name="testGrid(int, int)[154]" time="0.001"></testcase></testsuite>